{
  "RSpec": {
    "coverage": {
      "/Users/maggiehibberd/Projects/week_five/MakersBnB/spec/features/homepage_spec.rb": {
        "lines": [
          1,
          1,
          1,
          1,
          null,
          null
        ]
      },
      "/Users/maggiehibberd/Projects/week_five/MakersBnB/spec/features/view_properties_spec.rb": {
        "lines": [
          1,
          1,
          1,
          1,
          1,
          1,
          null,
          null
        ]
      },
      "/Users/maggiehibberd/Projects/week_five/MakersBnB/spec/unit/properties_spec.rb": {
        "lines": [
          1,
          1,
          null,
          null,
          1,
          1,
          1,
          1,
          null,
          null,
          null
        ]
      }
    },
    "timestamp": 1603800073
  }
}
